Drill report for ssrov-kicad-openctd.kicad_pcb
Created on Tuesday, June 13, 2023 at 02:54:42 PM

Copper Layer Stackup:
    =============================================================
    L1 :  F.Cu                      front
    L2 :  B.Cu                      back


Drill file 'ssrov-kicad-openctd-PTH.drl' contains
    plated through holes:
    =============================================================
    T1  0.400mm  0.0157"  (4 holes)
    T2  0.750mm  0.0295"  (6 holes)
    T3  0.800mm  0.0315"  (86 holes)
    T4  0.850mm  0.0335"  (6 holes)
    T5  0.889mm  0.0350"  (6 holes)
    T6  0.900mm  0.0354"  (2 holes)
    T7  1.000mm  0.0394"  (20 holes)
    T8  1.100mm  0.0433"  (10 holes)
    T9  2.500mm  0.0984"  (2 holes)
    T10  3.000mm  0.1181"  (4 holes)

    Total plated holes count 146


Drill file 'ssrov-kicad-openctd-NPTH.drl' contains
    unplated through holes:
    =============================================================
    T1  2.540mm  0.1000"  (2 holes)

    Total unplated holes count 2
